2023-02-24 18:36:26.367 [info] Added views:workbench.panel.markers.view in workbench.panel.markers
2023-02-24 18:36:26.367 [info] Added views:workbench.panel.output in workbench.panel.output
2023-02-24 18:36:26.367 [info] Added views:terminal in terminal
2023-02-24 18:36:26.367 [info] Added views:outline in workbench.view.explorer
2023-02-24 18:36:26.367 [info] Added views:workbench.scm in workbench.view.scm
2023-02-24 18:36:26.367 [info] Added views:workbench.view.search in workbench.view.search
2023-02-24 18:36:26.367 [info] Added views:timeline in workbench.view.explorer
2023-02-24 18:36:26.367 [info] Added views:workbench.explorer.emptyView in workbench.view.explorer
2023-02-24 18:36:26.423 [info] Added views:workbench.debug.welcome in workbench.view.debug
2023-02-24 18:36:26.697 [info] Added views:workbench.panel.repl.view in workbench.panel.repl
2023-02-24 18:38:09.986 [info] Added views:workbench.views.extensions.installed,workbench.views.extensions.popular,extensions.recommendedList in workbench.view.extensions
2023-02-24 18:38:09.990 [info] Removed views:workbench.views.extensions.popular from workbench.view.extensions
2023-02-24 18:43:42.742 [info] Added views:workbench.panel.markers.view in workbench.panel.markers
2023-02-24 18:43:42.743 [info] Added views:workbench.panel.output in workbench.panel.output
2023-02-24 18:43:42.743 [info] Added views:terminal in terminal
2023-02-24 18:43:42.743 [info] Added views:outline in workbench.view.explorer
2023-02-24 18:43:42.743 [info] Added views:workbench.scm in workbench.view.scm
2023-02-24 18:43:42.743 [info] Added views:workbench.view.search in workbench.view.search
2023-02-24 18:43:42.743 [info] Added views:timeline in workbench.view.explorer
2023-02-24 18:43:42.743 [info] Added views:workbench.explorer.fileView in workbench.view.explorer
2023-02-24 18:43:42.920 [info] Added views:workbench.debug.variablesView,workbench.debug.watchExpressionsView,workbench.debug.callStackView,workbench.debug.breakPointsView in workbench.view.debug
2023-02-24 18:43:43.012 [info] Added views:workbench.panel.repl.view in workbench.panel.repl
2023-02-24 18:43:43.012 [info] Removed views:workbench.debug.breakPointsView,workbench.debug.callStackView,workbench.debug.watchExpressionsView,workbench.debug.variablesView from workbench.view.debug
2023-02-24 18:43:43.012 [info] Added views:workbench.debug.welcome in workbench.view.debug
2023-02-24 19:22:27.247 [info] Added views:workbench.views.extensions.installed,workbench.views.extensions.popular,extensions.recommendedList in workbench.view.extensions
2023-02-24 19:22:27.248 [info] Removed views:workbench.views.extensions.popular from workbench.view.extensions
2023-02-24 19:22:28.351 [info] Removed views:extensions.recommendedList,workbench.views.extensions.installed from workbench.view.extensions
2023-02-24 19:22:28.405 [info] Added views:workbench.views.extensions.marketplace in workbench.view.extensions
2023-02-24 19:22:28.471 [info] Removed views:workbench.views.extensions.marketplace from workbench.view.extensions
2023-02-24 19:22:28.479 [info] Added views:workbench.views.extensions.installed,extensions.recommendedList in workbench.view.extensions
2023-02-24 19:22:29.767 [info] Removed views:extensions.recommendedList,workbench.views.extensions.installed from workbench.view.extensions
2023-02-24 19:22:29.799 [info] Added views:workbench.views.extensions.marketplace in workbench.view.extensions
2023-02-24 19:22:39.046 [info] Removed views:workbench.views.extensions.marketplace from workbench.view.extensions
2023-02-24 19:22:39.061 [info] Added views:workbench.views.extensions.installed,extensions.recommendedList in workbench.view.extensions
