2023-02-24 18:36:26.764 [info] Log level: Info
2023-02-24 18:36:26.764 [info] Validating found git in: "git"
2023-02-24 18:36:26.764 [info] Using git "2.39.2" from "git"
2023-02-24 18:43:45.624 [info] Log level: Info
2023-02-24 18:43:45.624 [info] Validating found git in: "git"
2023-02-24 18:43:45.624 [info] Using git "2.39.2" from "git"
2023-02-24 18:43:45.624 [info] > git rev-parse --show-toplevel [6ms]
2023-02-24 18:43:45.632 [info] > git rev-parse --git-dir --git-common-dir [6ms]
2023-02-24 18:43:45.637 [info] Open repository: /home/johnma/tasks
2023-02-24 18:43:45.646 [info] > git rev-parse --show-toplevel [7ms]
2023-02-24 18:43:45.648 [info] > git config --get commit.template [2ms]
2023-02-24 18:43:45.649 [info] > git rev-parse --show-toplevel [1ms]
2023-02-24 18:43:45.653 [info] > git rev-parse --show-toplevel [3ms]
2023-02-24 18:43:45.655 [info] > git for-each-ref --format=%(refname)%00%(upstream:short)%00%(objectname)%00%(upstream:track)%00%(upstream:remotename)%00%(upstream:remoteref) refs/heads/main refs/remotes/main [2ms]
2023-02-24 18:43:45.660 [info] > git rev-parse --show-toplevel [6ms]
2023-02-24 18:43:45.662 [info] > git for-each-ref --sort -committerdate --format %(refname) %(objectname) %(*objectname) [2ms]
2023-02-24 18:43:45.663 [info] > git status -z -uall [7ms]
2023-02-24 18:43:45.670 [info] > git config --get commit.template [3ms]
2023-02-24 18:43:45.671 [info] > git for-each-ref --format=%(refname)%00%(upstream:short)%00%(objectname)%00%(upstream:track)%00%(upstream:remotename)%00%(upstream:remoteref) refs/heads/main refs/remotes/main [1ms]
2023-02-24 18:43:45.678 [info] > git for-each-ref --sort -committerdate --format %(refname) %(objectname) %(*objectname) [1ms]
2023-02-24 18:43:45.687 [info] > git status -z -uall [13ms]
2023-02-24 18:43:46.182 [info] > git check-ignore -v -z --stdin [1ms]
2023-02-24 18:43:47.374 [info] > git show --textconv :.prettierrc [6ms]
2023-02-24 18:43:47.376 [info] > git ls-files --stage -- /home/johnma/tasks/.prettierrc [2ms]
2023-02-24 18:43:47.383 [info] > git cat-file -s 622ac0bf00ad8f3658e0dbb7e499eb95f3d28ca2 [2ms]
2023-02-24 18:43:48.159 [info] > git show --textconv :.gitattributes [5ms]
2023-02-24 18:43:48.160 [info] > git ls-files --stage -- /home/johnma/tasks/.gitattributes [1ms]
2023-02-24 18:43:48.169 [info] > git cat-file -s 06dbd255803275c159a4ddb0d659907d30dfcf48 [3ms]
2023-02-24 18:43:48.841 [info] > git show --textconv :README.md [4ms]
2023-02-24 18:43:48.842 [info] > git ls-files --stage -- /home/johnma/tasks/README.md [1ms]
2023-02-24 18:43:48.845 [info] > git cat-file -s 5d517205baa1dc8c51b90425a9a519a14125fc1d [1ms]
2023-02-24 18:43:49.771 [info] > git show --textconv :tsconfig.json [9ms]
2023-02-24 18:43:49.774 [info] > git ls-files --stage -- /home/johnma/tasks/tsconfig.json [4ms]
2023-02-24 18:43:49.783 [info] > git cat-file -s 9be842205f198b065422e9a9a1c8877754d25698 [1ms]
2023-02-24 18:43:51.516 [info] > git ls-files --stage -- /home/johnma/tasks/.prettierrc [0ms]
2023-02-24 18:43:51.518 [info] > git show --textconv :.prettierrc [4ms]
2023-02-24 18:43:51.518 [info] > git cat-file -s 622ac0bf00ad8f3658e0dbb7e499eb95f3d28ca2 [1ms]
2023-02-24 18:43:52.486 [info] > git show --textconv :.gitattributes [4ms]
2023-02-24 18:43:52.487 [info] > git ls-files --stage -- /home/johnma/tasks/.gitattributes [1ms]
2023-02-24 18:43:52.491 [info] > git cat-file -s 06dbd255803275c159a4ddb0d659907d30dfcf48 [1ms]
2023-02-24 18:43:53.333 [info] > git check-ignore -v -z --stdin [1ms]
2023-02-24 18:43:54.104 [info] > git show --textconv :src/App.tsx [6ms]
2023-02-24 18:43:54.107 [info] > git ls-files --stage -- /home/johnma/tasks/src/App.tsx [4ms]
2023-02-24 18:43:54.113 [info] > git cat-file -s 4866ef286e60ae0d4be47e175a8809164e09da5d [1ms]
